0 info it worked if it ends with ok
1 verbose cli [ 'D:\\nodejs\\node.exe',
1 verbose cli   'D:\\nodejs\\node_modules\\npm\\bin\\npm-cli.js',
1 verbose cli   'install',
1 verbose cli   'amazeui-touch' ]
2 info using npm@3.7.3
3 info using node@v5.8.0
4 silly loadCurrentTree Starting
5 silly install loadCurrentTree
6 silly install readLocalPackageData
7 silly fetchPackageMetaData amazeui-touch
8 silly fetchNamedPackageData amazeui-touch
9 silly mapToRegistry name amazeui-touch
10 silly mapToRegistry using default registry
11 silly mapToRegistry registry https://registry.npmjs.org/
12 silly mapToRegistry uri https://registry.npmjs.org/amazeui-touch
13 verbose request uri https://registry.npmjs.org/amazeui-touch
14 verbose request no auth needed
15 info attempt registry request try #1 at 09:13:17
16 verbose request id c12216c09a64e1e9
17 verbose etag "XVR1RUIG5K87E1S1KF8LQMOZ"
18 http request GET https://registry.npmjs.org/amazeui-touch
19 http 304 https://registry.npmjs.org/amazeui-touch
20 verbose headers { date: 'Sun, 15 May 2016 01:13:31 GMT',
20 verbose headers   via: '1.1 varnish',
20 verbose headers   'cache-control': 'max-age=300',
20 verbose headers   etag: '"XVR1RUIG5K87E1S1KF8LQMOZ"',
20 verbose headers   age: '0',
20 verbose headers   connection: 'keep-alive',
20 verbose headers   'x-served-by': 'cache-ord1729-ORD',
20 verbose headers   'x-cache': 'MISS',
20 verbose headers   'x-cache-hits': '0',
20 verbose headers   'x-timer': 'S1463274811.812416,VS0,VE128',
20 verbose headers   vary: 'Accept-Encoding' }
21 silly get cb [ 304,
21 silly get   { date: 'Sun, 15 May 2016 01:13:31 GMT',
21 silly get     via: '1.1 varnish',
21 silly get     'cache-control': 'max-age=300',
21 silly get     etag: '"XVR1RUIG5K87E1S1KF8LQMOZ"',
21 silly get     age: '0',
21 silly get     connection: 'keep-alive',
21 silly get     'x-served-by': 'cache-ord1729-ORD',
21 silly get     'x-cache': 'MISS',
21 silly get     'x-cache-hits': '0',
21 silly get     'x-timer': 'S1463274811.812416,VS0,VE128',
21 silly get     vary: 'Accept-Encoding' } ]
22 verbose etag https://registry.npmjs.org/amazeui-touch from cache
23 verbose get saving amazeui-touch to C:\Users\Wos\AppData\Roaming\npm-cache\registry.npmjs.org\amazeui-touch\.cache.json
24 verbose correctMkdir C:\Users\Wos\AppData\Roaming\npm-cache correctMkdir not in flight; initializing
25 silly install normalizeTree
26 silly loadCurrentTree Finishing
27 silly loadIdealTree Starting
28 silly install loadIdealTree
29 silly cloneCurrentTree Starting
30 silly install cloneCurrentTreeToIdealTree
31 silly cloneCurrentTree Finishing
32 silly loadShrinkwrap Starting
33 silly install loadShrinkwrap
34 silly loadShrinkwrap Finishing
35 silly loadAllDepsIntoIdealTree Starting
36 silly install loadAllDepsIntoIdealTree
37 silly rollbackFailedOptional Starting
38 silly rollbackFailedOptional Finishing
39 silly runTopLevelLifecycles Starting
40 silly runTopLevelLifecycles Finishing
41 silly install printInstalled
42 verbose stack Error: Refusing to install amazeui-touch as a dependency of itself
42 verbose stack     at checkSelf (D:\nodejs\node_modules\npm\lib\install\validate-args.js:53:14)
42 verbose stack     at Array.<anonymous> (D:\nodejs\node_modules\npm\node_modules\slide\lib\bind-actor.js:15:8)
42 verbose stack     at LOOP (D:\nodejs\node_modules\npm\node_modules\slide\lib\chain.js:15:14)
42 verbose stack     at chain (D:\nodejs\node_modules\npm\node_modules\slide\lib\chain.js:20:5)
42 verbose stack     at D:\nodejs\node_modules\npm\lib\install\validate-args.js:16:5
42 verbose stack     at D:\nodejs\node_modules\npm\node_modules\slide\lib\async-map.js:52:35
42 verbose stack     at Array.forEach (native)
42 verbose stack     at D:\nodejs\node_modules\npm\node_modules\slide\lib\async-map.js:52:11
42 verbose stack     at Array.forEach (native)
42 verbose stack     at asyncMap (D:\nodejs\node_modules\npm\node_modules\slide\lib\async-map.js:51:8)
43 verbose cwd D:\node\amazeui-touch
44 error Windows_NT 10.0.10586
45 error argv "D:\\nodejs\\node.exe" "D:\\nodejs\\node_modules\\npm\\bin\\npm-cli.js" "install" "amazeui-touch"
46 error node v5.8.0
47 error npm  v3.7.3
48 error code ENOSELF
49 error Refusing to install amazeui-touch as a dependency of itself
50 error If you need help, you may report this error at:
50 error     <https://github.com/npm/npm/issues>
51 verbose exit [ 1, true ]
